# JRE version: OpenJDK Runtime Environment Temurin-17.0.9+9 (17.0.9+9) (build 17.0.9+9)
# Java VM: OpenJDK 64-Bit Server VM Temurin-17.0.9+9 (17.0.9+9, mixed mode, tiered, compressed oops, compressed class ptrs, parallel gc, windows-amd64)
GC Precious Log:
 CPUs: 4 total, 4 available
 Memory: 8075M
 Large Page Support: Disabled
 NUMA Support: Disabled
 Compressed Oops: Enabled (32-bit)
 Alignments: Space 512K, Generation 512K, Heap 2M
 Heap Min Capacity: 100M
 Heap Initial Capacity: 100M
 Heap Max Capacity: 1G
 Pre-touch: Disabled
 Parallel Workers: 4
Heap:
 PSYoungGen      total 2560K, used 864K [0x00000000eab00000, 0x00000000eaf00000, 0x0000000100000000)
  eden space 1536K, 0% used [0x00000000eab00000,0x00000000eab00000,0x00000000eac80000)
  from space 1024K, 84% used [0x00000000eae00000,0x00000000eaed8000,0x00000000eaf00000)
  to   space 1024K, 0% used [0x00000000ead00000,0x00000000ead00000,0x00000000eae00000)
 ParOldGen       total 259584K, used 259551K [0x00000000c0000000, 0x00000000cfd80000, 0x00000000eab00000)
  object space 259584K, 99% used [0x00000000c0000000,0x00000000cfd77ce8,0x00000000cfd80000)
 Metaspace       used 101198K, committed 102656K, reserved 1179648K
  class space    used 9572K, committed 10240K, reserved 1048576K
GC Heap History (20 events):
Event: 30344.732 GC heap after
{Heap after GC invocations=32897 (full 622):
 PSYoungGen      total 5120K, used 2464K [0x00000000eab00000, 0x00000000eb580000, 0x0000000100000000)
  eden space 2560K, 0% used [0x00000000eab00000,0x00000000eab00000,0x00000000ead80000)
  from space 2560K, 96% used [0x00000000ead80000,0x00000000eafe8000,0x00000000eb000000)
  to   space 4096K, 0% used [0x00000000eb180000,0x00000000eb180000,0x00000000eb580000)
 ParOldGen       total 247808K, used 215103K [0x00000000c0000000, 0x00000000cf200000, 0x00000000eab00000)
  object space 247808K, 86% used [0x00000000c0000000,0x00000000cd20fcb8,0x00000000cf200000)
 Metaspace       used 101198K, committed 102656K, reserved 1179648K
  class space    used 9572K, committed 10240K, reserved 1048576K
}
Event: 30344.764 GC heap before
{Heap before GC invocations=32898 (full 622):
 PSYoungGen      total 5120K, used 5024K [0x00000000eab00000, 0x00000000eb580000, 0x0000000100000000)
  eden space 2560K, 100% used [0x00000000eab00000,0x00000000ead80000,0x00000000ead80000)
  from space 2560K, 96% used [0x00000000ead80000,0x00000000eafe8000,0x00000000eb000000)
  to   space 4096K, 0% used [0x00000000eb180000,0x00000000eb180000,0x00000000eb580000)
 ParOldGen       total 247808K, used 234303K [0x00000000c0000000, 0x00000000cf200000, 0x00000000eab00000)
  object space 247808K, 94% used [0x00000000c0000000,0x00000000ce4cfcd8,0x00000000cf200000)
 Metaspace       used 101198K, committed 102656K, reserved 1179648K
  class space    used 9572K, committed 10240K, reserved 1048576K
}
Event: 30344.770 GC heap after
{Heap after GC invocations=32898 (full 622):
 PSYoungGen      total 5120K, used 2352K [0x00000000eab00000, 0x00000000eb400000, 0x0000000100000000)
  eden space 2560K, 0% used [0x00000000eab00000,0x00000000eab00000,0x00000000ead80000)
  from space 2560K, 91% used [0x00000000eb180000,0x00000000eb3cc010,0x00000000eb400000)
  to   space 3072K, 0% used [0x00000000eae00000,0x00000000eae00000,0x00000000eb100000)
 ParOldGen       total 247808K, used 236735K [0x00000000c0000000, 0x00000000cf200000, 0x00000000eab00000)
  object space 247808K, 95% used [0x00000000c0000000,0x00000000ce72fcd8,0x00000000cf200000)
 Metaspace       used 101198K, committed 102656K, reserved 1179648K
  class space    used 9572K, committed 10240K, reserved 1048576K
}
Event: 30344.785 GC heap before
{Heap before GC invocations=32899 (full 622):
 PSYoungGen      total 5120K, used 4912K [0x00000000eab00000, 0x00000000eb400000, 0x0000000100000000)
  eden space 2560K, 100% used [0x00000000eab00000,0x00000000ead80000,0x00000000ead80000)
  from space 2560K, 91% used [0x00000000eb180000,0x00000000eb3cc010,0x00000000eb400000)
  to   space 3072K, 0% used [0x00000000eae00000,0x00000000eae00000,0x00000000eb100000)
 ParOldGen       total 259584K, used 248255K [0x00000000c0000000, 0x00000000cfd80000, 0x00000000eab00000)
  object space 259584K, 95% used [0x00000000c0000000,0x00000000cf26fce8,0x00000000cfd80000)
 Metaspace       used 101198K, committed 102656K, reserved 1179648K
  class space    used 9572K, committed 10240K, reserved 1048576K
}
Event: 30344.791 GC heap after
{Heap after GC invocations=32899 (full 622):
 PSYoungGen      total 5632K, used 2272K [0x00000000eab00000, 0x00000000eb300000, 0x0000000100000000)
  eden space 3072K, 0% used [0x00000000eab00000,0x00000000eab00000,0x00000000eae00000)
  from space 2560K, 88% used [0x00000000eae00000,0x00000000eb038000,0x00000000eb080000)
  to   space 2560K, 0% used [0x00000000eb080000,0x00000000eb080000,0x00000000eb300000)
 ParOldGen       total 259584K, used 250519K [0x00000000c0000000, 0x00000000cfd80000, 0x00000000eab00000)
  object space 259584K, 96% used [0x00000000c0000000,0x00000000cf4a5ce8,0x00000000cfd80000)
 Metaspace       used 101198K, committed 102656K, reserved 1179648K
  class space    used 9572K, committed 10240K, reserved 1048576K
}
Event: 30344.826 GC heap before
{Heap before GC invocations=32900 (full 622):
 PSYoungGen      total 5632K, used 5344K [0x00000000eab00000, 0x00000000eb300000, 0x0000000100000000)
  eden space 3072K, 100% used [0x00000000eab00000,0x00000000eae00000,0x00000000eae00000)
  from space 2560K, 88% used [0x00000000eae00000,0x00000000eb038000,0x00000000eb080000)
  to   space 2560K, 0% used [0x00000000eb080000,0x00000000eb080000,0x00000000eb300000)
 ParOldGen       total 259584K, used 250519K [0x00000000c0000000, 0x00000000cfd80000, 0x00000000eab00000)
  object space 259584K, 96% used [0x00000000c0000000,0x00000000cf4a5ce8,0x00000000cfd80000)
 Metaspace       used 101198K, committed 102656K, reserved 1179648K
  class space    used 9572K, committed 10240K, reserved 1048576K
}
Event: 30344.833 GC heap after
{Heap after GC invocations=32900 (full 622):
 PSYoungGen      total 3072K, used 2560K [0x00000000eab00000, 0x00000000eb900000, 0x0000000100000000)
  eden space 512K, 0% used [0x00000000eab00000,0x00000000eab00000,0x00000000eab80000)
  from space 2560K, 100% used [0x00000000eb080000,0x00000000eb300000,0x00000000eb300000)
  to   space 5120K, 0% used [0x00000000eab80000,0x00000000eab80000,0x00000000eb080000)
 ParOldGen       total 259584K, used 253039K [0x00000000c0000000, 0x00000000cfd80000, 0x00000000eab00000)
  object space 259584K, 97% used [0x00000000c0000000,0x00000000cf71bce8,0x00000000cfd80000)
 Metaspace       used 101198K, committed 102656K, reserved 1179648K
  class space    used 9572K, committed 10240K, reserved 1048576K
}
Event: 30344.837 GC heap before
{Heap before GC invocations=32901 (full 622):
 PSYoungGen      total 3072K, used 3071K [0x00000000eab00000, 0x00000000eb900000, 0x0000000100000000)
  eden space 512K, 99% used [0x00000000eab00000,0x00000000eab7fff0,0x00000000eab80000)
  from space 2560K, 100% used [0x00000000eb080000,0x00000000eb300000,0x00000000eb300000)
  to   space 5120K, 0% used [0x00000000eab80000,0x00000000eab80000,0x00000000eb080000)
 ParOldGen       total 259584K, used 253039K [0x00000000c0000000, 0x00000000cfd80000, 0x00000000eab00000)
  object space 259584K, 97% used [0x00000000c0000000,0x00000000cf71bce8,0x00000000cfd80000)
 Metaspace       used 101198K, committed 102656K, reserved 1179648K
  class space    used 9572K, committed 10240K, reserved 1048576K
}
Event: 30344.842 GC heap after
{Heap after GC invocations=32901 (full 622):
 PSYoungGen      total 1024K, used 512K [0x00000000eab00000, 0x00000000eb100000, 0x0000000100000000)
  eden space 512K, 0% used [0x00000000eab00000,0x00000000eab00000,0x00000000eab80000)
  from space 512K, 100% used [0x00000000eab80000,0x00000000eac00000,0x00000000eac00000)
  to   space 2560K, 0% used [0x00000000eae80000,0x00000000eae80000,0x00000000eb100000)
 ParOldGen       total 259584K, used 255639K [0x00000000c0000000, 0x00000000cfd80000, 0x00000000eab00000)
  object space 259584K, 98% used [0x00000000c0000000,0x00000000cf9a5ce8,0x00000000cfd80000)
 Metaspace       used 101198K, committed 102656K, reserved 1179648K
  class space    used 9572K, committed 10240K, reserved 1048576K
}
Event: 30344.845 GC heap before
{Heap before GC invocations=32902 (full 622):
 PSYoungGen      total 1024K, used 1023K [0x00000000eab00000, 0x00000000eb100000, 0x0000000100000000)
  eden space 512K, 99% used [0x00000000eab00000,0x00000000eab7ff88,0x00000000eab80000)
  from space 512K, 100% used [0x00000000eab80000,0x00000000eac00000,0x00000000eac00000)
  to   space 2560K, 0% used [0x00000000eae80000,0x00000000eae80000,0x00000000eb100000)
 ParOldGen       total 259584K, used 255639K [0x00000000c0000000, 0x00000000cfd80000, 0x00000000eab00000)
  object space 259584K, 98% used [0x00000000c0000000,0x00000000cf9a5ce8,0x00000000cfd80000)
 Metaspace       used 101198K, committed 102656K, reserved 1179648K
  class space    used 9572K, committed 10240K, reserved 1048576K
}
Event: 30344.848 GC heap after
{Heap after GC invocations=32902 (full 622):
 PSYoungGen      total 1536K, used 497K [0x00000000eab00000, 0x00000000eaf00000, 0x0000000100000000)
  eden space 1024K, 0% used [0x00000000eab00000,0x00000000eab00000,0x00000000eac00000)
  from space 512K, 97% used [0x00000000eae80000,0x00000000eaefc700,0x00000000eaf00000)
  to   space 1024K, 0% used [0x00000000ead00000,0x00000000ead00000,0x00000000eae00000)
 ParOldGen       total 259584K, used 256095K [0x00000000c0000000, 0x00000000cfd80000, 0x00000000eab00000)
  object space 259584K, 98% used [0x00000000c0000000,0x00000000cfa17ce8,0x00000000cfd80000)
 Metaspace       used 101198K, committed 102656K, reserved 1179648K
  class space    used 9572K, committed 10240K, reserved 1048576K
}
Event: 30344.859 GC heap before
{Heap before GC invocations=32903 (full 622):
 PSYoungGen      total 1536K, used 1521K [0x00000000eab00000, 0x00000000eaf00000, 0x0000000100000000)
  eden space 1024K, 99% used [0x00000000eab00000,0x00000000eabfffe8,0x00000000eac00000)
  from space 512K, 97% used [0x00000000eae80000,0x00000000eaefc700,0x00000000eaf00000)
  to   space 1024K, 0% used [0x00000000ead00000,0x00000000ead00000,0x00000000eae00000)
 ParOldGen       total 259584K, used 256095K [0x00000000c0000000, 0x00000000cfd80000, 0x00000000eab00000)
  object space 259584K, 98% used [0x00000000c0000000,0x00000000cfa17ce8,0x00000000cfd80000)
 Metaspace       used 101198K, committed 102656K, reserved 1179648K
  class space    used 9572K, committed 10240K, reserved 1048576K
}
Event: 30344.861 GC heap after
{Heap after GC invocations=32903 (full 622):
 PSYoungGen      total 2560K, used 780K [0x00000000eab00000, 0x00000000eaf00000, 0x0000000100000000)
  eden space 1536K, 0% used [0x00000000eab00000,0x00000000eab00000,0x00000000eac80000)
  from space 1024K, 76% used [0x00000000ead00000,0x00000000eadc3000,0x00000000eae00000)
  to   space 1024K, 0% used [0x00000000eae00000,0x00000000eae00000,0x00000000eaf00000)
 ParOldGen       total 259584K, used 256383K [0x00000000c0000000, 0x00000000cfd80000, 0x00000000eab00000)
  object space 259584K, 98% used [0x00000000c0000000,0x00000000cfa5fce8,0x00000000cfd80000)
 Metaspace       used 101198K, committed 102656K, reserved 1179648K
  class space    used 9572K, committed 10240K, reserved 1048576K
}
Event: 30344.880 GC heap before
{Heap before GC invocations=32904 (full 622):
 PSYoungGen      total 2560K, used 2316K [0x00000000eab00000, 0x00000000eaf00000, 0x0000000100000000)
  eden space 1536K, 100% used [0x00000000eab00000,0x00000000eac80000,0x00000000eac80000)
  from space 1024K, 76% used [0x00000000ead00000,0x00000000eadc3000,0x00000000eae00000)
  to   space 1024K, 0% used [0x00000000eae00000,0x00000000eae00000,0x00000000eaf00000)
 ParOldGen       total 259584K, used 256383K [0x00000000c0000000, 0x00000000cfd80000, 0x00000000eab00000)
  object space 259584K, 98% used [0x00000000c0000000,0x00000000cfa5fce8,0x00000000cfd80000)
 Metaspace       used 101198K, committed 102656K, reserved 1179648K
  class space    used 9572K, committed 10240K, reserved 1048576K
}
Event: 30344.885 GC heap after
{Heap after GC invocations=32904 (full 622):
 PSYoungGen      total 2048K, used 1016K [0x00000000eab00000, 0x00000000eb100000, 0x0000000100000000)
  eden space 1024K, 0% used [0x00000000eab00000,0x00000000eab00000,0x00000000eac00000)
  from space 1024K, 99% used [0x00000000eae00000,0x00000000eaefe000,0x00000000eaf00000)
  to   space 2048K, 0% used [0x00000000eac00000,0x00000000eac00000,0x00000000eae00000)
 ParOldGen       total 259584K, used 257111K [0x00000000c0000000, 0x00000000cfd80000, 0x00000000eab00000)
  object space 259584K, 99% used [0x00000000c0000000,0x00000000cfb15ce8,0x00000000cfd80000)
 Metaspace       used 101198K, committed 102656K, reserved 1179648K
  class space    used 9572K, committed 10240K, reserved 1048576K
}
Event: 30344.924 GC heap before
{Heap before GC invocations=32905 (full 622):
 PSYoungGen      total 2048K, used 2040K [0x00000000eab00000, 0x00000000eb100000, 0x0000000100000000)
  eden space 1024K, 100% used [0x00000000eab00000,0x00000000eac00000,0x00000000eac00000)
  from space 1024K, 99% used [0x00000000eae00000,0x00000000eaefe000,0x00000000eaf00000)
  to   space 2048K, 0% used [0x00000000eac00000,0x00000000eac00000,0x00000000eae00000)
 ParOldGen       total 259584K, used 258567K [0x00000000c0000000, 0x00000000cfd80000, 0x00000000eab00000)
  object space 259584K, 99% used [0x00000000c0000000,0x00000000cfc81ce8,0x00000000cfd80000)
 Metaspace       used 101198K, committed 102656K, reserved 1179648K
  class space    used 9572K, committed 10240K, reserved 1048576K
}
Event: 30344.929 GC heap after
{Heap after GC invocations=32905 (full 622):
 PSYoungGen      total 3072K, used 704K [0x00000000eab00000, 0x00000000eaf80000, 0x0000000100000000)
  eden space 1024K, 0% used [0x00000000eab00000,0x00000000eab00000,0x00000000eac00000)
  from space 2048K, 34% used [0x00000000eac00000,0x00000000eacb0000,0x00000000eae00000)
  to   space 1536K, 0% used [0x00000000eae00000,0x00000000eae00000,0x00000000eaf80000)
 ParOldGen       total 259584K, used 258871K [0x00000000c0000000, 0x00000000cfd80000, 0x00000000eab00000)
  object space 259584K, 99% used [0x00000000c0000000,0x00000000cfccdce8,0x00000000cfd80000)
 Metaspace       used 101198K, committed 102656K, reserved 1179648K
  class space    used 9572K, committed 10240K, reserved 1048576K
}
Event: 30344.956 GC heap before
{Heap before GC invocations=32906 (full 622):
 PSYoungGen      total 3072K, used 1728K [0x00000000eab00000, 0x00000000eaf80000, 0x0000000100000000)
  eden space 1024K, 100% used [0x00000000eab00000,0x00000000eac00000,0x00000000eac00000)
  from space 2048K, 34% used [0x00000000eac00000,0x00000000eacb0000,0x00000000eae00000)
  to   space 1536K, 0% used [0x00000000eae00000,0x00000000eae00000,0x00000000eaf80000)
 ParOldGen       total 259584K, used 258871K [0x00000000c0000000, 0x00000000cfd80000, 0x00000000eab00000)
  object space 259584K, 99% used [0x00000000c0000000,0x00000000cfccdce8,0x00000000cfd80000)
 Metaspace       used 101198K, committed 102656K, reserved 1179648K
  class space    used 9572K, committed 10240K, reserved 1048576K
}
Event: 30344.962 GC heap after
{Heap after GC invocations=32906 (full 622):
 PSYoungGen      total 2560K, used 864K [0x00000000eab00000, 0x00000000eaf00000, 0x0000000100000000)
  eden space 1536K, 0% used [0x00000000eab00000,0x00000000eab00000,0x00000000eac80000)
  from space 1024K, 84% used [0x00000000eae00000,0x00000000eaed8000,0x00000000eaf00000)
  to   space 1024K, 0% used [0x00000000ead00000,0x00000000ead00000,0x00000000eae00000)
 ParOldGen       total 259584K, used 259551K [0x00000000c0000000, 0x00000000cfd80000, 0x00000000eab00000)
  object space 259584K, 99% used [0x00000000c0000000,0x00000000cfd77ce8,0x00000000cfd80000)
 Metaspace       used 101198K, committed 102656K, reserved 1179648K
  class space    used 9572K, committed 10240K, reserved 1048576K
}
Event: 30344.962 GC heap before
{Heap before GC invocations=32907 (full 623):
 PSYoungGen      total 2560K, used 864K [0x00000000eab00000, 0x00000000eaf00000, 0x0000000100000000)
  eden space 1536K, 0% used [0x00000000eab00000,0x00000000eab00000,0x00000000eac80000)
  from space 1024K, 84% used [0x00000000eae00000,0x00000000eaed8000,0x00000000eaf00000)
  to   space 1024K, 0% used [0x00000000ead00000,0x00000000ead00000,0x00000000eae00000)
 ParOldGen       total 259584K, used 259551K [0x00000000c0000000, 0x00000000cfd80000, 0x00000000eab00000)
  object space 259584K, 99% used [0x00000000c0000000,0x00000000cfd77ce8,0x00000000cfd80000)
 Metaspace       used 101198K, committed 102656K, reserved 1179648K
  class space    used 9572K, committed 10240K, reserved 1048576K
}

